<?xml version="1.0" encoding="UTF-8"?>
<testng-results ignored="0" total="1" passed="1" failed="0" skipped="0">
  <reporter-output>
  </reporter-output>
  <suite started-at="2024-12-31T10:18:22 IST" name="Default suite" finished-at="2024-12-31T10:18:24 IST" duration-ms="1763">
    <groups>
    </groups>
    <test started-at="2024-12-31T10:18:22 IST" name="Default test" finished-at="2024-12-31T10:18:24 IST" duration-ms="1763">
      <class name="tests.JSONSchemaValidator">
        <test-method signature="getRequest()[pri:0, instance:tests.JSONSchemaValidator@c8c12ac]" started-at="2024-12-31T10:18:22 IST" name="getRequest" finished-at="2024-12-31T10:18:24 IST" duration-ms="1730" status="PASS">
          <reporter-output>
          </reporter-output>
        </test-method> <!-- getRequest -->
      </class> <!-- tests.JSONSchemaValidator -->
    </test> <!-- Default test -->
  </suite> <!-- Default suite -->
</testng-results>
